<?xml version="1.0" encoding="UTF-8"?>
<testng-results ignored="0" total="16" passed="15" failed="1" skipped="0">
  <reporter-output>
  </reporter-output>
  <suite started-at="2023-12-04T10:59:14 NPT" name="Default suite" finished-at="2023-12-04T11:02:22 NPT" duration-ms="188394">
    <groups>
      <group name="login">
        <method signature="PQC_functional_test.login_pqc()[pri:1, instance:test.PQC_functional_test@452e26d0]" name="login_pqc" class="test.PQC_functional_test"/>
      </group> <!-- login -->
    </groups>
    <test started-at="2023-12-04T10:59:14 NPT" name="Default test" finished-at="2023-12-04T11:02:22 NPT" duration-ms="188394">
      <class name="test.PQC_functional_test">
        <test-method is-config="true" signature="setup()[pri:0, instance:test.PQC_functional_test@452e26d0]" started-at="2023-12-04T10:59:14 NPT" name="setup" finished-at="2023-12-04T10:59:20 NPT" duration-ms="6094" status="PASS">
          <reporter-output>
          </reporter-output>
        </test-method> <!-- setup -->
        <test-method signature="login_pqc()[pri:1, instance:test.PQC_functional_test@452e26d0]" started-at="2023-12-04T10:59:20 NPT" name="login_pqc" finished-at="2023-12-04T10:59:32 NPT" duration-ms="11977" status="PASS">
          <reporter-output>
          </reporter-output>
        </test-method> <!-- login_pqc -->
        <test-method signature="quickSearchContact_test()[pri:2, instance:test.PQC_functional_test@452e26d0]" started-at="2023-12-04T10:59:32 NPT" name="quickSearchContact_test" finished-at="2023-12-04T10:59:41 NPT" duration-ms="9066" status="PASS">
          <reporter-output>
          </reporter-output>
        </test-method> <!-- quickSearchContact_test -->
        <test-method signature="createCustomerRFQ_test()[pri:3, instance:test.PQC_functional_test@452e26d0]" started-at="2023-12-04T10:59:41 NPT" name="createCustomerRFQ_test" finished-at="2023-12-04T11:00:08 NPT" duration-ms="27111" status="PASS">
          <reporter-output>
          </reporter-output>
        </test-method> <!-- createCustomerRFQ_test -->
        <test-method signature="getRFQHeader_test()[pri:5, instance:test.PQC_functional_test@452e26d0]" started-at="2023-12-04T11:00:08 NPT" name="getRFQHeader_test" finished-at="2023-12-04T11:00:12 NPT" duration-ms="3895" status="PASS">
          <reporter-output>
          </reporter-output>
        </test-method> <!-- getRFQHeader_test -->
        <test-method signature="getCustomers_test()[pri:6, instance:test.PQC_functional_test@452e26d0]" started-at="2023-12-04T11:00:12 NPT" name="getCustomers_test" finished-at="2023-12-04T11:00:19 NPT" duration-ms="6958" status="PASS">
          <reporter-output>
          </reporter-output>
        </test-method> <!-- getCustomers_test -->
        <test-method signature="getCustomerContacts_test()[pri:7, instance:test.PQC_functional_test@452e26d0]" started-at="2023-12-04T11:00:19 NPT" name="getCustomerContacts_test" finished-at="2023-12-04T11:00:26 NPT" duration-ms="7081" status="PASS">
          <reporter-output>
          </reporter-output>
        </test-method> <!-- getCustomerContacts_test -->
        <test-method signature="changeRFQOwner_test()[pri:10, instance:test.PQC_functional_test@452e26d0]" started-at="2023-12-04T11:00:26 NPT" name="changeRFQOwner_test" finished-at="2023-12-04T11:00:34 NPT" duration-ms="7175" status="PASS">
          <reporter-output>
          </reporter-output>
        </test-method> <!-- changeRFQOwner_test -->
        <test-method signature="getCustomerInformation_test()[pri:15, instance:test.PQC_functional_test@452e26d0]" started-at="2023-12-04T11:00:34 NPT" name="getCustomerInformation_test" finished-at="2023-12-04T11:00:39 NPT" duration-ms="5871" status="PASS">
          <reporter-output>
          </reporter-output>
        </test-method> <!-- getCustomerInformation_test -->
        <test-method signature="getPartInformation_test()[pri:20, instance:test.PQC_functional_test@452e26d0]" started-at="2023-12-04T11:00:39 NPT" name="getPartInformation_test" finished-at="2023-12-04T11:00:52 NPT" duration-ms="13047" status="PASS">
          <reporter-output>
          </reporter-output>
        </test-method> <!-- getPartInformation_test -->
        <test-method signature="getRFQPartStockInfo_test()[pri:25, instance:test.PQC_functional_test@452e26d0]" started-at="2023-12-04T11:00:52 NPT" name="getRFQPartStockInfo_test" finished-at="2023-12-04T11:00:56 NPT" duration-ms="3592" status="PASS">
          <reporter-output>
          </reporter-output>
        </test-method> <!-- getRFQPartStockInfo_test -->
        <test-method signature="getIncomingGood_test()[pri:30, instance:test.PQC_functional_test@452e26d0]" started-at="2023-12-04T11:00:56 NPT" name="getIncomingGood_test" finished-at="2023-12-04T11:01:01 NPT" duration-ms="4731" status="PASS">
          <reporter-output>
          </reporter-output>
        </test-method> <!-- getIncomingGood_test -->
        <test-method signature="getLotDetails_test()[pri:35, instance:test.PQC_functional_test@452e26d0]" started-at="2023-12-04T11:01:01 NPT" name="getLotDetails_test" finished-at="2023-12-04T11:01:06 NPT" duration-ms="4924" status="PASS">
          <reporter-output>
          </reporter-output>
        </test-method> <!-- getLotDetails_test -->
        <test-method signature="addPart_test()[pri:40, instance:test.PQC_functional_test@452e26d0]" started-at="2023-12-04T11:01:06 NPT" name="addPart_test" finished-at="2023-12-04T11:01:31 NPT" duration-ms="24853" status="PASS">
          <reporter-output>
          </reporter-output>
        </test-method> <!-- addPart_test -->
        <test-method signature="getKitPartDetails_test()[pri:45, instance:test.PQC_functional_test@452e26d0]" started-at="2023-12-04T11:01:31 NPT" name="getKitPartDetails_test" finished-at="2023-12-04T11:01:55 NPT" duration-ms="24212" status="PASS">
          <reporter-output>
          </reporter-output>
        </test-method> <!-- getKitPartDetails_test -->
        <test-method signature="getRFQLineAlternates_test()[pri:50, instance:test.PQC_functional_test@452e26d0]" started-at="2023-12-04T11:01:55 NPT" name="getRFQLineAlternates_test" finished-at="2023-12-04T11:02:01 NPT" duration-ms="6347" status="FAIL">
          <exception class="java.lang.AssertionError">
            <message>
              <![CDATA[expected [true] but found [false]]]>
            </message>
            <full-stacktrace>
              <![CDATA[java.lang.AssertionError: expected [true] but found [false]
at org.testng.Assert.fail(Assert.java:99)
at org.testng.Assert.failNotEquals(Assert.java:1037)
at org.testng.Assert.assertTrue(Assert.java:45)
at org.testng.Assert.assertTrue(Assert.java:55)
at test.PQC_functional_test.getRFQLineAlternates_test(PQC_functional_test.java:998)
at java.base/jdk.internal.reflect.DirectMethodHandleAccessor.invoke(DirectMethodHandleAccessor.java:104)
at java.base/java.lang.reflect.Method.invoke(Method.java:578)
at org.testng.internal.MethodInvocationHelper.invokeMethod(MethodInvocationHelper.java:133)
at org.testng.internal.TestInvoker.invokeMethod(TestInvoker.java:598)
at org.testng.internal.TestInvoker.invokeTestMethod(TestInvoker.java:173)
at org.testng.internal.MethodRunner.runInSequence(MethodRunner.java:46)
at org.testng.internal.TestInvoker$MethodInvocationAgent.invoke(TestInvoker.java:824)
at org.testng.internal.TestInvoker.invokeTestMethods(TestInvoker.java:146)
at org.testng.internal.TestMethodWorker.invokeTestMethods(TestMethodWorker.java:146)
at org.testng.internal.TestMethodWorker.run(TestMethodWorker.java:128)
at java.base/java.util.ArrayList.forEach(ArrayList.java:1511)
at org.testng.TestRunner.privateRun(TestRunner.java:794)
at org.testng.TestRunner.run(TestRunner.java:596)
at org.testng.SuiteRunner.runTest(SuiteRunner.java:377)
at org.testng.SuiteRunner.runSequentially(SuiteRunner.java:371)
at org.testng.SuiteRunner.privateRun(SuiteRunner.java:332)
at org.testng.SuiteRunner.run(SuiteRunner.java:276)
at org.testng.SuiteRunnerWorker.runSuite(SuiteRunnerWorker.java:53)
at org.testng.SuiteRunnerWorker.run(SuiteRunnerWorker.java:96)
at org.testng.TestNG.runSuitesSequentially(TestNG.java:1212)
at org.testng.TestNG.runSuitesLocally(TestNG.java:1134)
at org.testng.TestNG.runSuites(TestNG.java:1063)
at org.testng.TestNG.run(TestNG.java:1031)
at org.testng.remote.AbstractRemoteTestNG.run(AbstractRemoteTestNG.java:115)
at org.testng.remote.RemoteTestNG.initAndRun(RemoteTestNG.java:251)
at org.testng.remote.RemoteTestNG.main(RemoteTestNG.java:77)
]]>
            </full-stacktrace>
          </exception> <!-- java.lang.AssertionError -->
          <reporter-output>
          </reporter-output>
        </test-method> <!-- getRFQLineAlternates_test -->
        <test-method signature="deleteRFQLines_test()[pri:55, instance:test.PQC_functional_test@452e26d0]" started-at="2023-12-04T11:02:01 NPT" name="deleteRFQLines_test" finished-at="2023-12-04T11:02:11 NPT" duration-ms="10278" status="PASS">
          <reporter-output>
          </reporter-output>
        </test-method> <!-- deleteRFQLines_test -->
        <test-method is-config="true" signature="teardown()[pri:0, instance:test.PQC_functional_test@452e26d0]" started-at="2023-12-04T11:02:11 NPT" name="teardown" finished-at="2023-12-04T11:02:22 NPT" duration-ms="11056" status="PASS">
          <reporter-output>
          </reporter-output>
        </test-method> <!-- teardown -->
      </class> <!-- test.PQC_functional_test -->
    </test> <!-- Default test -->
  </suite> <!-- Default suite -->
</testng-results>
