<?xml version="1.0" encoding="UTF-8"?>
<!-- Generated by org.testng.reporters.JUnitReportReporter -->
<testsuite hostname="JV-LAP093" failures="1" tests="16" name="test.PQC_functional_test" time="171.118" errors="0" timestamp="2023-12-04T11:02:23 NPT" skipped="0">
  <testcase classname="test.PQC_functional_test" name="login_pqc" time="11.977"/>
  <system-out/>
  <testcase classname="test.PQC_functional_test" name="quickSearchContact_test" time="9.066"/>
  <system-out/>
  <testcase classname="test.PQC_functional_test" name="createCustomerRFQ_test" time="27.111"/>
  <system-out/>
  <testcase classname="test.PQC_functional_test" name="getRFQHeader_test" time="3.895"/>
  <system-out/>
  <testcase classname="test.PQC_functional_test" name="getCustomers_test" time="6.958"/>
  <system-out/>
  <testcase classname="test.PQC_functional_test" name="getCustomerContacts_test" time="7.081"/>
  <system-out/>
  <testcase classname="test.PQC_functional_test" name="changeRFQOwner_test" time="7.175"/>
  <system-out/>
  <testcase classname="test.PQC_functional_test" name="getCustomerInformation_test" time="5.871"/>
  <system-out/>
  <testcase classname="test.PQC_functional_test" name="getPartInformation_test" time="13.047"/>
  <system-out/>
  <testcase classname="test.PQC_functional_test" name="getRFQPartStockInfo_test" time="3.592"/>
  <system-out/>
  <testcase classname="test.PQC_functional_test" name="getIncomingGood_test" time="4.731"/>
  <system-out/>
  <testcase classname="test.PQC_functional_test" name="getLotDetails_test" time="4.924"/>
  <system-out/>
  <testcase classname="test.PQC_functional_test" name="addPart_test" time="24.853"/>
  <system-out/>
  <testcase classname="test.PQC_functional_test" name="getKitPartDetails_test" time="24.212"/>
  <system-out/>
  <testcase classname="test.PQC_functional_test" name="getRFQLineAlternates_test" time="6.347">
    <failure message="expected [true] but found [false]" type="java.lang.AssertionError">
      <![CDATA[java.lang.AssertionError: expected [true] but found [false]
at org.testng.Assert.fail(Assert.java:99)
at org.testng.Assert.failNotEquals(Assert.java:1037)
at org.testng.Assert.assertTrue(Assert.java:45)
at org.testng.Assert.assertTrue(Assert.java:55)
at test.PQC_functional_test.getRFQLineAlternates_test(PQC_functional_test.java:998)
at java.base/jdk.internal.reflect.DirectMethodHandleAccessor.invoke(DirectMethodHandleAccessor.java:104)
at java.base/java.lang.reflect.Method.invoke(Method.java:578)
at org.testng.internal.MethodInvocationHelper.invokeMethod(MethodInvocationHelper.java:133)
at org.testng.internal.TestInvoker.invokeMethod(TestInvoker.java:598)
at org.testng.internal.TestInvoker.invokeTestMethod(TestInvoker.java:173)
at org.testng.internal.MethodRunner.runInSequence(MethodRunner.java:46)
at org.testng.internal.TestInvoker$MethodInvocationAgent.invoke(TestInvoker.java:824)
at org.testng.internal.TestInvoker.invokeTestMethods(TestInvoker.java:146)
at org.testng.internal.TestMethodWorker.invokeTestMethods(TestMethodWorker.java:146)
at org.testng.internal.TestMethodWorker.run(TestMethodWorker.java:128)
at java.base/java.util.ArrayList.forEach(ArrayList.java:1511)
at org.testng.TestRunner.privateRun(TestRunner.java:794)
at org.testng.TestRunner.run(TestRunner.java:596)
at org.testng.SuiteRunner.runTest(SuiteRunner.java:377)
at org.testng.SuiteRunner.runSequentially(SuiteRunner.java:371)
at org.testng.SuiteRunner.privateRun(SuiteRunner.java:332)
at org.testng.SuiteRunner.run(SuiteRunner.java:276)
at org.testng.SuiteRunnerWorker.runSuite(SuiteRunnerWorker.java:53)
at org.testng.SuiteRunnerWorker.run(SuiteRunnerWorker.java:96)
at org.testng.TestNG.runSuitesSequentially(TestNG.java:1212)
at org.testng.TestNG.runSuitesLocally(TestNG.java:1134)
at org.testng.TestNG.runSuites(TestNG.java:1063)
at org.testng.TestNG.run(TestNG.java:1031)
at org.testng.remote.AbstractRemoteTestNG.run(AbstractRemoteTestNG.java:115)
at org.testng.remote.RemoteTestNG.initAndRun(RemoteTestNG.java:251)
at org.testng.remote.RemoteTestNG.main(RemoteTestNG.java:77)
]]>
    </failure>
  </testcase> <!-- getRFQLineAlternates_test -->
  <system-out/>
  <testcase classname="test.PQC_functional_test" name="deleteRFQLines_test" time="10.278"/>
  <system-out/>
</testsuite> <!-- test.PQC_functional_test -->
